Log file opened on Sat Aug  8 14:58:44 2015
Host: not0rious  pid: 5505  nodeid: 0  nnodes:  1
Gromacs version:    VERSION 4.6.3
Precision:          double
Memory model:       64 bit
MPI library:        thread_mpi
OpenMP support:     enabled
GPU support:        disabled
invsqrt routine:    gmx_software_invsqrt(x)
CPU acceleration:   AVX_256
FFT library:        fftw-3.3-sse2
Large file support: enabled
RDTSCP usage:       enabled
Built on:           Tue Aug 27 11:16:06 PDT 2013
Built by:           leeping@not0rious [CMAKE]
Build OS/arch:      Linux 3.2.0-33-generic x86_64
Build CPU vendor:   GenuineIntel
Build CPU brand:    Intel(R) Core(TM) i7-3820 CPU @ 3.60GHz
Build CPU family:   6   Model: 45   Stepping: 7
Build CPU features: aes apic avx clfsh cmov cx8 cx16 htt lahf_lm mmx msr nonstop_tsc pcid pclmuldq pdcm pdpe1gb popcnt pse rdtscp sse2 sse3 sse4.1 sse4.2 ssse3 tdt x2apic
C compiler:         /usr/bin/cc GNU cc (Ubuntu/Linaro 4.6.3-1ubuntu5) 4.6.3
C compiler flags:   -mavx    -Wextra -Wno-missing-field-initializers -Wno-sign-compare -Wall -Wno-unused -Wunused-value   -fomit-frame-pointer -funroll-all-loops -fexcess-precision=fast  -O3 -DNDEBUG


                         :-)  G  R  O  M  A  C  S  (-:

                   Great Red Oystrich Makes All Chemists Sane

                            :-)  VERSION 4.6.3  (-:

        Contributions from Mark Abraham, Emile Apol, Rossen Apostolov, 
           Herman J.C. Berendsen, Aldert van Buuren, Pär Bjelkmar,  
     Rudi van Drunen, Anton Feenstra, Gerrit Groenhof, Christoph Junghans, 
        Peter Kasson, Carsten Kutzner, Per Larsson, Pieter Meulenhoff, 
           Teemu Murtola, Szilard Pall, Sander Pronk, Roland Schulz, 
                Michael Shirts, Alfons Sijbers, Peter Tieleman,

               Berk Hess, David van der Spoel, and Erik Lindahl.

       Copyright (c) 1991-2000, University of Groningen, The Netherlands.
         Copyright (c) 2001-2012,2013, The GROMACS development team at
        Uppsala University & The Royal Institute of Technology, Sweden.
            check out http://www.gromacs.org for more information.

         This program is free software; you can redistribute it and/or
       modify it under the terms of the GNU Lesser General Public License
        as published by the Free Software Foundation; either version 2.1
             of the License, or (at your option) any later version.

                      :-)  mdrun_d (double precision)  (-:


++++ PLEASE READ AND CITE THE FOLLOWING REFERENCE ++++
B. Hess and C. Kutzner and D. van der Spoel and E. Lindahl
GROMACS 4: Algorithms for highly efficient, load-balanced, and scalable
molecular simulation
J. Chem. Theory Comput. 4 (2008) pp. 435-447
-------- -------- --- Thank You --- -------- --------


++++ PLEASE READ AND CITE THE FOLLOWING REFERENCE ++++
D. van der Spoel, E. Lindahl, B. Hess, G. Groenhof, A. E. Mark and H. J. C.
Berendsen
GROMACS: Fast, Flexible and Free
J. Comp. Chem. 26 (2005) pp. 1701-1719
-------- -------- --- Thank You --- -------- --------


++++ PLEASE READ AND CITE THE FOLLOWING REFERENCE ++++
E. Lindahl and B. Hess and D. van der Spoel
GROMACS 3.0: A package for molecular simulation and trajectory analysis
J. Mol. Mod. 7 (2001) pp. 306-317
-------- -------- --- Thank You --- -------- --------


++++ PLEASE READ AND CITE THE FOLLOWING REFERENCE ++++
H. J. C. Berendsen, D. van der Spoel and R. van Drunen
GROMACS: A message-passing parallel molecular dynamics implementation
Comp. Phys. Comm. 91 (1995) pp. 43-56
-------- -------- --- Thank You --- -------- --------

Input Parameters:
   integrator           = md
   nsteps               = 500
   init-step            = 0
   cutoff-scheme        = Group
   ns_type              = Grid
   nstlist              = 20
   ndelta               = 2
   nstcomm              = 100
   comm-mode            = Linear
   nstlog               = 0
   nstxout              = 500
   nstvout              = 0
   nstfout              = 0
   nstcalcenergy        = 100
   nstenergy            = 0
   nstxtcout            = 0
   init-t               = 0
   delta-t              = 0.002
   xtcprec              = 1000
   fourierspacing       = 0.12
   nkx                  = 96
   nky                  = 96
   nkz                  = 96
   pme-order            = 5
   ewald-rtol           = 1e-05
   ewald-geometry       = 0
   epsilon-surface      = 0
   optimize-fft         = FALSE
   ePBC                 = xyz
   bPeriodicMols        = FALSE
   bContinuation        = FALSE
   bShakeSOR            = FALSE
   etc                  = Nose-Hoover
   bPrintNHChains       = FALSE
   nsttcouple           = 20
   epc                  = No
   epctype              = Isotropic
   nstpcouple           = -1
   tau-p                = 1
   ref-p (3x3):
      ref-p[    0]={ 0.00000e+00,  0.00000e+00,  0.00000e+00}
      ref-p[    1]={ 0.00000e+00,  0.00000e+00,  0.00000e+00}
      ref-p[    2]={ 0.00000e+00,  0.00000e+00,  0.00000e+00}
   compress (3x3):
      compress[    0]={ 0.00000e+00,  0.00000e+00,  0.00000e+00}
      compress[    1]={ 0.00000e+00,  0.00000e+00,  0.00000e+00}
      compress[    2]={ 0.00000e+00,  0.00000e+00,  0.00000e+00}
   refcoord-scaling     = No
   posres-com (3):
      posres-com[0]= 0.00000e+00
      posres-com[1]= 0.00000e+00
      posres-com[2]= 0.00000e+00
   posres-comB (3):
      posres-comB[0]= 0.00000e+00
      posres-comB[1]= 0.00000e+00
      posres-comB[2]= 0.00000e+00
   verlet-buffer-drift  = 0.005
   rlist                = 0.9
   rlistlong            = 0.9
   nstcalclr            = 0
   rtpi                 = 0.05
   coulombtype          = PME
   coulomb-modifier     = None
   rcoulomb-switch      = 0
   rcoulomb             = 0.9
   vdwtype              = Cut-off
   vdw-modifier         = None
   rvdw-switch          = 0
   rvdw                 = 0.9
   epsilon-r            = 1
   epsilon-rf           = inf
   tabext               = 1
   implicit-solvent     = No
   gb-algorithm         = Still
   gb-epsilon-solvent   = 80
   nstgbradii           = 1
   rgbradii             = 1
   gb-saltconc          = 0
   gb-obc-alpha         = 1
   gb-obc-beta          = 0.8
   gb-obc-gamma         = 4.85
   gb-dielectric-offset = 0.009
   sa-algorithm         = Ace-approximation
   sa-surface-tension   = 2.05016
   DispCorr             = EnerPres
   bSimTemp             = FALSE
   free-energy          = no
   nwall                = 0
   wall-type            = 9-3
   wall-atomtype[0]     = -1
   wall-atomtype[1]     = -1
   wall-density[0]      = 0
   wall-density[1]      = 0
   wall-ewald-zfac      = 3
   pull                 = no
   rotation             = FALSE
   disre                = No
   disre-weighting      = Conservative
   disre-mixed          = FALSE
   dr-fc                = 1000
   dr-tau               = 0
   nstdisreout          = 100
   orires-fc            = 0
   orires-tau           = 0
   nstorireout          = 100
   dihre-fc             = 0
   em-stepsize          = 0.01
   em-tol               = 10
   niter                = 20
   fc-stepsize          = 0
   nstcgsteep           = 1000
   nbfgscorr            = 10
   ConstAlg             = Lincs
   shake-tol            = 0.0001
   lincs-order          = 4
   lincs-warnangle      = 30
   lincs-iter           = 1
   bd-fric              = 0
   ld-seed              = 1993
   cos-accel            = 0
   deform (3x3):
      deform[    0]={ 0.00000e+00,  0.00000e+00,  0.00000e+00}
      deform[    1]={ 0.00000e+00,  0.00000e+00,  0.00000e+00}
      deform[    2]={ 0.00000e+00,  0.00000e+00,  0.00000e+00}
   adress               = FALSE
   userint1             = 0
   userint2             = 0
   userint3             = 0
   userint4             = 0
   userreal1            = 0
   userreal2            = 0
   userreal3            = 0
   userreal4            = 0
grpopts:
   nrdf:       46467
   ref-t:         298
   tau-t:           1
anneal:          No
ann-npoints:           0
   acc:	           0           0           0
   nfreeze:           N           N           N
   energygrp-flags[  0]: 0
   efield-x:
      n = 0
   efield-xt:
      n = 0
   efield-y:
      n = 0
   efield-yt:
      n = 0
   efield-z:
      n = 0
   efield-zt:
      n = 0
   bQMMM                = FALSE
   QMconstraints        = 0
   QMMMscheme           = 0
   scalefactor          = 1
qm-opts:
   ngQM                 = 0
Using 1 MPI thread

Detecting CPU-specific acceleration.
Present hardware specification:
Vendor: GenuineIntel
Brand:  Intel(R) Core(TM) i7-3820 CPU @ 3.60GHz
Family:  6  Model: 45  Stepping:  7
Features: aes apic avx clfsh cmov cx8 cx16 htt lahf_lm mmx msr nonstop_tsc pcid pclmuldq pdcm pdpe1gb popcnt pse rdtscp sse2 sse3 sse4.1 sse4.2 ssse3 tdt x2apic
Acceleration most likely to fit this hardware: AVX_256
Acceleration selected at GROMACS compile time: AVX_256

Table routines are used for coulomb: FALSE
Table routines are used for vdw:     FALSE
Will do PME sum in reciprocal space.

++++ PLEASE READ AND CITE THE FOLLOWING REFERENCE ++++
U. Essmann, L. Perera, M. L. Berkowitz, T. Darden, H. Lee and L. G. Pedersen 
A smooth particle mesh Ewald method
J. Chem. Phys. 103 (1995) pp. 8577-8592
-------- -------- --- Thank You --- -------- --------

Will do ordinary reciprocal space Ewald sum.
Using a Gaussian width (1/beta) of 0.288146 nm for Ewald
Cut-off's:   NS: 0.9   Coulomb: 0.9   LJ: 0.9
Long Range LJ corr.: <C6> 3.1622e-04
System total charge: 0.000
Generated table with 3800 data points for Ewald.
Tabscale = 2000 points/nm
Generated table with 3800 data points for LJ6.
Tabscale = 2000 points/nm
Generated table with 3800 data points for LJ12.
Tabscale = 2000 points/nm
Generated table with 3800 data points for 1-4 COUL.
Tabscale = 2000 points/nm
Generated table with 3800 data points for 1-4 LJ6.
Tabscale = 2000 points/nm
Generated table with 3800 data points for 1-4 LJ12.
Tabscale = 2000 points/nm

Enabling SPC-like water optimization for 7357 molecules.

Found environment variable GMX_NO_SOLV_OPT.
Disabling all solvent optimization
Potential shift: LJ r^-12: 0.000 r^-6 0.000, Ewald 0.000e+00
Initialized non-bonded Ewald correction tables, spacing: 6.26e-04 size: 3037

Removing pbc first time

Initializing LINear Constraint Solver

++++ PLEASE READ AND CITE THE FOLLOWING REFERENCE ++++
B. Hess and H. Bekker and H. J. C. Berendsen and J. G. E. M. Fraaije
LINCS: A Linear Constraint Solver for molecular simulations
J. Comp. Chem. 18 (1997) pp. 1463-1472
-------- -------- --- Thank You --- -------- --------

The number of constraints is 459

++++ PLEASE READ AND CITE THE FOLLOWING REFERENCE ++++
S. Miyamoto and P. A. Kollman
SETTLE: An Analytical Version of the SHAKE and RATTLE Algorithms for Rigid
Water Models
J. Comp. Chem. 13 (1992) pp. 952-962
-------- -------- --- Thank You --- -------- --------

Center of mass motion removal mode is Linear
We have the following groups for center of mass motion removal:
  0:  System
There are: 23000 Atoms
Max number of connections per atom is 161
Total number of connections is 69982
Max number of graph edges per atom is 4
Total number of graph edges is 31296

Constraining the starting coordinates (step 0)

Constraining the coordinates at t0-dt (step 0)
RMS relative constraint deviation after constraining: 2.74e-06
Initial temperature: 300.272 K

Started mdrun on node 0 Sat Aug  8 14:58:45 2015

           Step           Time         Lambda
              0        0.00000        0.00000


Grid: 11 x 11 x 11 cells
   Energies (kJ/mol)
           Bond          Angle    Proper Dih.  Improper Dih.          LJ-14
    3.25689e+02    7.05251e+02    1.05739e+03    1.66152e+01    8.14315e+02
     Coulomb-14        LJ (SR)  Disper. corr.   Coulomb (SR)   Coul. recip.
    1.37399e+04    7.92187e+04   -4.95307e+02   -4.45519e+05   -5.37632e+04
      Potential    Kinetic En.   Total Energy  Conserved En.    Temperature
   -4.03900e+05    5.81272e+04   -3.45773e+05   -3.45773e+05    3.00904e+02
 Pres. DC (bar) Pressure (bar)   Constr. rmsd
   -1.69531e+01   -5.91619e+02    0.00000e+00

           Step           Time         Lambda
            500        1.00000        0.00000

Writing checkpoint, step 500 at Sat Aug  8 14:59:22 2015


   Energies (kJ/mol)
           Bond          Angle    Proper Dih.  Improper Dih.          LJ-14
    5.75206e+02    1.63634e+03    1.05768e+03    8.14559e+01    1.04444e+03
     Coulomb-14        LJ (SR)  Disper. corr.   Coulomb (SR)   Coul. recip.
    1.39978e+04    6.77642e+04   -4.95307e+02   -3.87372e+05   -5.84994e+04
      Potential    Kinetic En.   Total Energy  Conserved En.    Temperature
   -3.60209e+05    4.60885e+04   -3.14121e+05   -3.46988e+05    2.38584e+02
 Pres. DC (bar) Pressure (bar)   Constr. rmsd
   -1.69531e+01   -4.13418e+02    1.71810e-06

	<======  ###############  ==>
	<====  A V E R A G E S  ====>
	<==  ###############  ======>

	Statistics over 501 steps using 6 frames

   Energies (kJ/mol)
           Bond          Angle    Proper Dih.  Improper Dih.          LJ-14
    7.11378e+02    1.83437e+03    1.17476e+03    1.06994e+02    1.06748e+03
     Coulomb-14        LJ (SR)  Disper. corr.   Coulomb (SR)   Coul. recip.
    1.40033e+04    6.72064e+04   -4.95307e+02   -3.82521e+05   -5.72712e+04
      Potential    Kinetic En.   Total Energy  Conserved En.    Temperature
   -3.54183e+05    5.94097e+04   -2.94773e+05   -3.44787e+05    3.07543e+02
 Pres. DC (bar) Pressure (bar)   Constr. rmsd
   -1.69531e+01   -1.92733e+02    0.00000e+00

   Total Virial (kJ/mol)
    2.61289e+04   -1.20570e+02   -1.55203e+02
   -1.20570e+02    2.49162e+04    2.17076e+02
   -1.55203e+02    2.17076e+02    2.52575e+04

   Pressure (bar)
   -2.19138e+02    4.43889e+00    5.00068e+00
    4.43889e+00   -1.72859e+02   -7.53130e+00
    5.00068e+00   -7.53130e+00   -1.86201e+02


	M E G A - F L O P S   A C C O U N T I N G

 NB=Group-cutoff nonbonded kernels    NxN=N-by-N cluster Verlet kernels
 RF=Reaction-Field  VdW=Van der Waals  QSTab=quadratic-spline table
 W3=SPC/TIP3p  W4=TIP4p (single or pairs)
 V&F=Potential and force  V=Potential only  F=Force only

 Computing:                               M-Number         M-Flops  % Flops
-----------------------------------------------------------------------------
 NB Elec. [V&F]                         626.237384         626.237     0.3
 NB Elec. [F]                         45526.724005       45526.724    21.5
 NB VdW & Elec. [V&F]                   135.128403         135.128     0.1
 NB VdW & Elec. [F]                    9082.083090        9082.083     4.3
 1,4 nonbonded interactions               1.220937         109.884     0.1
 Calc Weights                            34.569000        1244.484     0.6
 Spread Q Bspline                      1440.375000        2880.750     1.4
 Gather F Bspline                      1440.375000        8642.250     4.1
 3D-FFT                               17512.815720      140102.526    66.2
 Solve PME                                4.617216         295.502     0.1
 NS-Pairs                                45.710884         959.929     0.5
 Reset In Box                             0.215436           0.646     0.0
 Shift-X                                 23.046000         138.276     0.1
 CG-CoM                                   0.598000           1.794     0.0
 Bonds                                    0.237975          14.041     0.0
 Angles                                   0.845688         142.076     0.1
 Propers                                  2.171835         497.350     0.2
 Impropers                                0.087675          18.236     0.0
 Virial                                   0.138270           2.489     0.0
 Stop-CM                                  0.161000           1.610     0.0
 Calc-Ekin                                1.196000          32.292     0.0
 Lincs                                    0.230877          13.853     0.0
 Lincs-Mat                                1.261524           5.046     0.0
 Constraint-V                            11.540478          92.324     0.0
 Constraint-Vir                           0.135180           3.244     0.0
 Settle                                   3.700571        1195.284     0.6
-----------------------------------------------------------------------------
 Total                                                  211764.059   100.0
-----------------------------------------------------------------------------


     R E A L   C Y C L E   A N D   T I M E   A C C O U N T I N G

 Computing:         Nodes   Th.     Count  Wall t (s)     G-Cycles       %
-----------------------------------------------------------------------------
 Neighbor search        1    1         26       0.834        3.003     2.2
 Force                  1    1        501      17.486       62.949    46.1
 PME mesh               1    1        501      18.592       66.932    49.0
 Write traj.            1    1          2       0.166        0.596     0.4
 Update                 1    1        501       0.219        0.787     0.6
 Constraints            1    1        501       0.625        2.249     1.6
 Rest                   1                       0.051        0.182     0.1
-----------------------------------------------------------------------------
 Total                  1                      37.972      136.697   100.0
-----------------------------------------------------------------------------
-----------------------------------------------------------------------------
 PME spread/gather      1    1       1002       6.414       23.091    16.9
 PME 3D-FFT             1    1       1002       7.652       27.547    20.2
 PME solve              1    1        501       4.523       16.283    11.9
-----------------------------------------------------------------------------

               Core t (s)   Wall t (s)        (%)
       Time:       37.820       37.972       99.6
                 (ns/day)    (hour/ns)
Performance:        2.280       10.527
Finished mdrun on node 0 Sat Aug  8 14:59:23 2015
