Log file opened on Sat Aug  8 15:03:54 2015
Host: not0rious  pid: 31265  nodeid: 0  nnodes:  1
Gromacs version:    VERSION 4.6.3
Precision:          double
Memory model:       64 bit
MPI library:        thread_mpi
OpenMP support:     enabled
GPU support:        disabled
invsqrt routine:    gmx_software_invsqrt(x)
CPU acceleration:   AVX_256
FFT library:        fftw-3.3-sse2
Large file support: enabled
RDTSCP usage:       enabled
Built on:           Tue Aug 27 11:16:06 PDT 2013
Built by:           leeping@not0rious [CMAKE]
Build OS/arch:      Linux 3.2.0-33-generic x86_64
Build CPU vendor:   GenuineIntel
Build CPU brand:    Intel(R) Core(TM) i7-3820 CPU @ 3.60GHz
Build CPU family:   6   Model: 45   Stepping: 7
Build CPU features: aes apic avx clfsh cmov cx8 cx16 htt lahf_lm mmx msr nonstop_tsc pcid pclmuldq pdcm pdpe1gb popcnt pse rdtscp sse2 sse3 sse4.1 sse4.2 ssse3 tdt x2apic
C compiler:         /usr/bin/cc GNU cc (Ubuntu/Linaro 4.6.3-1ubuntu5) 4.6.3
C compiler flags:   -mavx    -Wextra -Wno-missing-field-initializers -Wno-sign-compare -Wall -Wno-unused -Wunused-value   -fomit-frame-pointer -funroll-all-loops -fexcess-precision=fast  -O3 -DNDEBUG


                         :-)  G  R  O  M  A  C  S  (-:

                God Rules Over Mankind, Animals, Cosmos and Such

                            :-)  VERSION 4.6.3  (-:

        Contributions from Mark Abraham, Emile Apol, Rossen Apostolov, 
           Herman J.C. Berendsen, Aldert van Buuren, Pär Bjelkmar,  
     Rudi van Drunen, Anton Feenstra, Gerrit Groenhof, Christoph Junghans, 
        Peter Kasson, Carsten Kutzner, Per Larsson, Pieter Meulenhoff, 
           Teemu Murtola, Szilard Pall, Sander Pronk, Roland Schulz, 
                Michael Shirts, Alfons Sijbers, Peter Tieleman,

               Berk Hess, David van der Spoel, and Erik Lindahl.

       Copyright (c) 1991-2000, University of Groningen, The Netherlands.
         Copyright (c) 2001-2012,2013, The GROMACS development team at
        Uppsala University & The Royal Institute of Technology, Sweden.
            check out http://www.gromacs.org for more information.

         This program is free software; you can redistribute it and/or
       modify it under the terms of the GNU Lesser General Public License
        as published by the Free Software Foundation; either version 2.1
             of the License, or (at your option) any later version.

                      :-)  mdrun_d (double precision)  (-:


++++ PLEASE READ AND CITE THE FOLLOWING REFERENCE ++++
B. Hess and C. Kutzner and D. van der Spoel and E. Lindahl
GROMACS 4: Algorithms for highly efficient, load-balanced, and scalable
molecular simulation
J. Chem. Theory Comput. 4 (2008) pp. 435-447
-------- -------- --- Thank You --- -------- --------


++++ PLEASE READ AND CITE THE FOLLOWING REFERENCE ++++
D. van der Spoel, E. Lindahl, B. Hess, G. Groenhof, A. E. Mark and H. J. C.
Berendsen
GROMACS: Fast, Flexible and Free
J. Comp. Chem. 26 (2005) pp. 1701-1719
-------- -------- --- Thank You --- -------- --------


++++ PLEASE READ AND CITE THE FOLLOWING REFERENCE ++++
E. Lindahl and B. Hess and D. van der Spoel
GROMACS 3.0: A package for molecular simulation and trajectory analysis
J. Mol. Mod. 7 (2001) pp. 306-317
-------- -------- --- Thank You --- -------- --------


++++ PLEASE READ AND CITE THE FOLLOWING REFERENCE ++++
H. J. C. Berendsen, D. van der Spoel and R. van Drunen
GROMACS: A message-passing parallel molecular dynamics implementation
Comp. Phys. Comm. 91 (1995) pp. 43-56
-------- -------- --- Thank You --- -------- --------

Input Parameters:
   integrator           = md
   nsteps               = 500
   init-step            = 0
   cutoff-scheme        = Group
   ns_type              = Grid
   nstlist              = 20
   ndelta               = 2
   nstcomm              = 100
   comm-mode            = Linear
   nstlog               = 0
   nstxout              = 500
   nstvout              = 0
   nstfout              = 0
   nstcalcenergy        = 100
   nstenergy            = 0
   nstxtcout            = 0
   init-t               = 0
   delta-t              = 0.002
   xtcprec              = 1000
   fourierspacing       = 0.12
   nkx                  = 64
   nky                  = 60
   nkz                  = 52
   pme-order            = 5
   ewald-rtol           = 1e-05
   ewald-geometry       = 0
   epsilon-surface      = 0
   optimize-fft         = FALSE
   ePBC                 = xyz
   bPeriodicMols        = FALSE
   bContinuation        = FALSE
   bShakeSOR            = FALSE
   etc                  = Nose-Hoover
   bPrintNHChains       = FALSE
   nsttcouple           = 20
   epc                  = No
   epctype              = Isotropic
   nstpcouple           = -1
   tau-p                = 1
   ref-p (3x3):
      ref-p[    0]={ 0.00000e+00,  0.00000e+00,  0.00000e+00}
      ref-p[    1]={ 0.00000e+00,  0.00000e+00,  0.00000e+00}
      ref-p[    2]={ 0.00000e+00,  0.00000e+00,  0.00000e+00}
   compress (3x3):
      compress[    0]={ 0.00000e+00,  0.00000e+00,  0.00000e+00}
      compress[    1]={ 0.00000e+00,  0.00000e+00,  0.00000e+00}
      compress[    2]={ 0.00000e+00,  0.00000e+00,  0.00000e+00}
   refcoord-scaling     = No
   posres-com (3):
      posres-com[0]= 0.00000e+00
      posres-com[1]= 0.00000e+00
      posres-com[2]= 0.00000e+00
   posres-comB (3):
      posres-comB[0]= 0.00000e+00
      posres-comB[1]= 0.00000e+00
      posres-comB[2]= 0.00000e+00
   verlet-buffer-drift  = 0.005
   rlist                = 0.9
   rlistlong            = 0.9
   nstcalclr            = 0
   rtpi                 = 0.05
   coulombtype          = PME
   coulomb-modifier     = None
   rcoulomb-switch      = 0
   rcoulomb             = 0.9
   vdwtype              = Cut-off
   vdw-modifier         = None
   rvdw-switch          = 0
   rvdw                 = 0.9
   epsilon-r            = 1
   epsilon-rf           = inf
   tabext               = 1
   implicit-solvent     = No
   gb-algorithm         = Still
   gb-epsilon-solvent   = 80
   nstgbradii           = 1
   rgbradii             = 1
   gb-saltconc          = 0
   gb-obc-alpha         = 1
   gb-obc-beta          = 0.8
   gb-obc-gamma         = 4.85
   gb-dielectric-offset = 0.009
   sa-algorithm         = Ace-approximation
   sa-surface-tension   = 2.05016
   DispCorr             = EnerPres
   bSimTemp             = FALSE
   free-energy          = no
   nwall                = 0
   wall-type            = 9-3
   wall-atomtype[0]     = -1
   wall-atomtype[1]     = -1
   wall-density[0]      = 0
   wall-density[1]      = 0
   wall-ewald-zfac      = 3
   pull                 = no
   rotation             = FALSE
   disre                = No
   disre-weighting      = Conservative
   disre-mixed          = FALSE
   dr-fc                = 1000
   dr-tau               = 0
   nstdisreout          = 100
   orires-fc            = 0
   orires-tau           = 0
   nstorireout          = 100
   dihre-fc             = 0
   em-stepsize          = 0.01
   em-tol               = 10
   niter                = 20
   fc-stepsize          = 0
   nstcgsteep           = 1000
   nbfgscorr            = 10
   ConstAlg             = Lincs
   shake-tol            = 0.0001
   lincs-order          = 4
   lincs-warnangle      = 30
   lincs-iter           = 1
   bd-fric              = 0
   ld-seed              = 1993
   cos-accel            = 0
   deform (3x3):
      deform[    0]={ 0.00000e+00,  0.00000e+00,  0.00000e+00}
      deform[    1]={ 0.00000e+00,  0.00000e+00,  0.00000e+00}
      deform[    2]={ 0.00000e+00,  0.00000e+00,  0.00000e+00}
   adress               = FALSE
   userint1             = 0
   userint2             = 0
   userint3             = 0
   userint4             = 0
   userreal1            = 0
   userreal2            = 0
   userreal3            = 0
   userreal4            = 0
grpopts:
   nrdf:       47136
   ref-t:         298
   tau-t:           1
anneal:          No
ann-npoints:           0
   acc:	           0           0           0
   nfreeze:           N           N           N
   energygrp-flags[  0]: 0
   efield-x:
      n = 0
   efield-xt:
      n = 0
   efield-y:
      n = 0
   efield-yt:
      n = 0
   efield-z:
      n = 0
   efield-zt:
      n = 0
   bQMMM                = FALSE
   QMconstraints        = 0
   QMMMscheme           = 0
   scalefactor          = 1
qm-opts:
   ngQM                 = 0
Using 1 MPI thread

Detecting CPU-specific acceleration.
Present hardware specification:
Vendor: GenuineIntel
Brand:  Intel(R) Core(TM) i7-3820 CPU @ 3.60GHz
Family:  6  Model: 45  Stepping:  7
Features: aes apic avx clfsh cmov cx8 cx16 htt lahf_lm mmx msr nonstop_tsc pcid pclmuldq pdcm pdpe1gb popcnt pse rdtscp sse2 sse3 sse4.1 sse4.2 ssse3 tdt x2apic
Acceleration most likely to fit this hardware: AVX_256
Acceleration selected at GROMACS compile time: AVX_256

Table routines are used for coulomb: FALSE
Table routines are used for vdw:     FALSE
Will do PME sum in reciprocal space.

++++ PLEASE READ AND CITE THE FOLLOWING REFERENCE ++++
U. Essmann, L. Perera, M. L. Berkowitz, T. Darden, H. Lee and L. G. Pedersen 
A smooth particle mesh Ewald method
J. Chem. Phys. 103 (1995) pp. 8577-8592
-------- -------- --- Thank You --- -------- --------

Will do ordinary reciprocal space Ewald sum.
Using a Gaussian width (1/beta) of 0.288146 nm for Ewald
Cut-off's:   NS: 0.9   Coulomb: 0.9   LJ: 0.9
Long Range LJ corr.: <C6> 3.4878e-04
System total charge: 0.000
Generated table with 3800 data points for Ewald.
Tabscale = 2000 points/nm
Generated table with 3800 data points for LJ6.
Tabscale = 2000 points/nm
Generated table with 3800 data points for LJ12.
Tabscale = 2000 points/nm
Generated table with 3800 data points for 1-4 COUL.
Tabscale = 2000 points/nm
Generated table with 3800 data points for 1-4 LJ6.
Tabscale = 2000 points/nm
Generated table with 3800 data points for 1-4 LJ12.
Tabscale = 2000 points/nm

Enabling SPC-like water optimization for 6810 molecules.

Found environment variable GMX_NO_SOLV_OPT.
Disabling all solvent optimization
Potential shift: LJ r^-12: 0.000 r^-6 0.000, Ewald 0.000e+00
Initialized non-bonded Ewald correction tables, spacing: 6.26e-04 size: 3037

Removing pbc first time

Initializing LINear Constraint Solver

++++ PLEASE READ AND CITE THE FOLLOWING REFERENCE ++++
B. Hess and H. Bekker and H. J. C. Berendsen and J. G. E. M. Fraaije
LINCS: A Linear Constraint Solver for molecular simulations
J. Comp. Chem. 18 (1997) pp. 1463-1472
-------- -------- --- Thank You --- -------- --------

The number of constraints is 1221

++++ PLEASE READ AND CITE THE FOLLOWING REFERENCE ++++
S. Miyamoto and P. A. Kollman
SETTLE: An Analytical Version of the SHAKE and RATTLE Algorithms for Rigid
Water Models
J. Comp. Chem. 13 (1992) pp. 952-962
-------- -------- --- Thank You --- -------- --------

Center of mass motion removal mode is Linear
We have the following groups for center of mass motion removal:
  0:  System
There are: 22930 Atoms
Max number of connections per atom is 161
Total number of connections is 134610
Max number of graph edges per atom is 4
Total number of graph edges is 32286

Constraining the starting coordinates (step 0)

Constraining the coordinates at t0-dt (step 0)
RMS relative constraint deviation after constraining: 2.39e-06
Initial temperature: 296.536 K

Started mdrun on node 0 Sat Aug  8 15:03:54 2015

           Step           Time         Lambda
              0        0.00000        0.00000


Grid: 11 x 10 x 9 cells
   Energies (kJ/mol)
           Bond          Angle    Proper Dih.  Improper Dih.          LJ-14
    2.65101e+03    6.77679e+03    3.22874e+03    2.94610e+02    2.29062e+03
     Coulomb-14        LJ (SR)  Disper. corr.   Coulomb (SR)   Coul. recip.
    2.79190e+04    4.34165e+04   -1.65949e+03   -3.08849e+05   -7.80616e+04
      Potential    Kinetic En.   Total Energy  Conserved En.    Temperature
   -3.01993e+05    5.93901e+04   -2.42603e+05   -2.42603e+05    3.03078e+02
 Pres. DC (bar) Pressure (bar)   Constr. rmsd
   -1.73597e+02   -6.62642e+02    0.00000e+00

           Step           Time         Lambda
            500        1.00000        0.00000

Writing checkpoint, step 500 at Sat Aug  8 15:04:24 2015


   Energies (kJ/mol)
           Bond          Angle    Proper Dih.  Improper Dih.          LJ-14
    1.85844e+03    5.02610e+03    3.11117e+03    2.93549e+02    2.73516e+03
     Coulomb-14        LJ (SR)  Disper. corr.   Coulomb (SR)   Coul. recip.
    2.92081e+04    5.87203e+04   -1.65949e+03   -3.56461e+05   -8.34840e+04
      Potential    Kinetic En.   Total Energy  Conserved En.    Temperature
   -3.40652e+05    6.23539e+04   -2.78298e+05   -2.41241e+05    3.18203e+02
 Pres. DC (bar) Pressure (bar)   Constr. rmsd
   -1.73597e+02    3.18030e+02    1.68862e-06

	<======  ###############  ==>
	<====  A V E R A G E S  ====>
	<==  ###############  ======>

	Statistics over 501 steps using 6 frames

   Energies (kJ/mol)
           Bond          Angle    Proper Dih.  Improper Dih.          LJ-14
    1.91735e+03    5.26010e+03    3.01232e+03    2.67080e+02    2.58844e+03
     Coulomb-14        LJ (SR)  Disper. corr.   Coulomb (SR)   Coul. recip.
    2.89136e+04    5.36983e+04   -1.65949e+03   -3.45924e+05   -8.24503e+04
      Potential    Kinetic En.   Total Energy  Conserved En.    Temperature
   -3.34377e+05    5.74784e+04   -2.76898e+05   -2.43117e+05    2.93322e+02
 Pres. DC (bar) Pressure (bar)   Constr. rmsd
   -1.73597e+02   -6.52895e+02    0.00000e+00

   Total Virial (kJ/mol)
    2.55451e+04   -7.45095e+02    3.33937e+02
   -7.45095e+02    2.49277e+04    5.54870e+02
    3.33937e+02    5.54870e+02    2.57295e+04

   Pressure (bar)
   -6.81376e+02    7.13975e+01   -3.04610e+01
    7.13975e+01   -5.96057e+02   -4.62753e+01
   -3.04610e+01   -4.62753e+01   -6.81251e+02


	M E G A - F L O P S   A C C O U N T I N G

 NB=Group-cutoff nonbonded kernels    NxN=N-by-N cluster Verlet kernels
 RF=Reaction-Field  VdW=Van der Waals  QSTab=quadratic-spline table
 W3=SPC/TIP3p  W4=TIP4p (single or pairs)
 V&F=Potential and force  V=Potential only  F=Force only

 Computing:                               M-Number         M-Flops  % Flops
-----------------------------------------------------------------------------
 NB Elec. [V&F]                         597.395624         597.396     0.6
 NB Elec. [F]                         43369.001902       43369.002    42.0
 NB VdW & Elec. [V&F]                   201.136401         201.136     0.2
 NB VdW & Elec. [F]                   13499.330726       13499.331    13.1
 1,4 nonbonded interactions               3.284556         295.610     0.3
 Calc Weights                            34.463790        1240.696     1.2
 Spread Q Bspline                      1435.991250        2871.983     2.8
 Gather F Bspline                      1435.991250        8615.948     8.3
 3D-FFT                                3522.862662       28182.901    27.3
 Solve PME                                1.923840         123.126     0.1
 NS-Pairs                                54.330687        1140.944     1.1
 Reset In Box                             0.242060           0.726     0.0
 Shift-X                                 22.975860         137.855     0.1
 CG-CoM                                   0.596180           1.789     0.0
 Bonds                                    0.652302          38.486     0.0
 Angles                                   2.285061         383.890     0.4
 Propers                                  5.669316        1298.273     1.3
 Impropers                                0.256512          53.354     0.1
 Virial                                   0.137850           2.481     0.0
 Stop-CM                                  0.160510           1.605     0.0
 Calc-Ekin                                1.192360          32.194     0.0
 Lincs                                    0.614163          36.850     0.0
 Lincs-Mat                                3.199080          12.796     0.0
 Constraint-V                            11.481744          91.854     0.1
 Constraint-Vir                           0.129906           3.118     0.0
 Settle                                   3.425430        1106.414     1.1
-----------------------------------------------------------------------------
 Total                                                  103339.758   100.0
-----------------------------------------------------------------------------


     R E A L   C Y C L E   A N D   T I M E   A C C O U N T I N G

 Computing:         Nodes   Th.     Count  Wall t (s)     G-Cycles       %
-----------------------------------------------------------------------------
 Neighbor search        1    1         26       1.108        3.987     3.7
 Force                  1    1        501      20.279       73.004    67.5
 PME mesh               1    1        501       7.545       27.162    25.1
 Write traj.            1    1          2       0.239        0.860     0.8
 Update                 1    1        501       0.217        0.780     0.7
 Constraints            1    1        501       0.606        2.180     2.0
 Rest                   1                       0.051        0.182     0.2
-----------------------------------------------------------------------------
 Total                  1                      30.043      108.156   100.0
-----------------------------------------------------------------------------
-----------------------------------------------------------------------------
 PME spread/gather      1    1       1002       5.032       18.116    16.7
 PME 3D-FFT             1    1       1002       1.444        5.200     4.8
 PME solve              1    1        501       1.066        3.838     3.5
-----------------------------------------------------------------------------

               Core t (s)   Wall t (s)        (%)
       Time:       29.860       30.043       99.4
                 (ns/day)    (hour/ns)
Performance:        2.882        8.329
Finished mdrun on node 0 Sat Aug  8 15:04:24 2015
