log started: Sat Aug  8 14:57:46 2015

Log file: ./leap.log
>> #
>> # ----- leaprc for loading the AMBER-FB15 force field
>> #       with added atom types for amino acid side chains.
>> #
>> #	load atom type hybridizations
>> #
>> addAtomTypes {
>>         { "H"   "H" "sp3" }
>>         { "HO"  "H" "sp3" }
>>         { "HS"  "H" "sp3" }
>>         { "H1"  "H" "sp3" }
>>         { "H2"  "H" "sp3" }
>>         { "H3"  "H" "sp3" }
>>         { "H4"  "H" "sp3" }
>>         { "H5"  "H" "sp3" }
>>         { "HW"  "H" "sp3" }
>>         { "HC"  "H" "sp3" }
>>         { "HA"  "H" "sp3" }
>>         { "HP"  "H" "sp3" }
>>         { "OH"  "O" "sp3" }
>>         { "OS"  "O" "sp3" }
>>         { "O"   "O" "sp2" }
>>         { "O2"  "O" "sp2" }
>>         { "OW"  "O" "sp3" }
>>         { "CT"  "C" "sp3" }
>>         { "CH"  "C" "sp3" }
>>         { "C2"  "C" "sp3" }
>>         { "C3"  "C" "sp3" }
>>         { "C"   "C" "sp2" }
>>         { "C*"  "C" "sp2" }
>>         { "CA"  "C" "sp2" }
>>         { "CB"  "C" "sp2" }
>>         { "CC"  "C" "sp2" }
>>         { "CN"  "C" "sp2" }
>>         { "CM"  "C" "sp2" }
>>         { "CK"  "C" "sp2" }
>>         { "CQ"  "C" "sp2" }
>>         { "CD"  "C" "sp2" }
>>         { "CE"  "C" "sp2" }
>>         { "CF"  "C" "sp2" }
>>         { "CP"  "C" "sp2" }
>>         { "CI"  "C" "sp2" }
>>         { "CJ"  "C" "sp2" }
>>         { "CW"  "C" "sp2" }
>>         { "CV"  "C" "sp2" }
>>         { "CR"  "C" "sp2" }
>>         { "CY"  "C" "sp2" }
>>         { "C0"  "Ca" "sp3" }
>>         { "MG"  "Mg" "sp3" }
>>         { "N"   "N" "sp2" }
>>         { "NA"  "N" "sp2" }
>>         { "N2"  "N" "sp2" }
>>         { "N*"  "N" "sp2" }
>>         { "NP"  "N" "sp2" }
>>         { "NQ"  "N" "sp2" }
>>         { "NB"  "N" "sp2" }
>>         { "NC"  "N" "sp2" }
>>         { "NT"  "N" "sp3" }
>>         { "N3"  "N" "sp3" }
>>         { "S"   "S" "sp3" }
>>         { "SH"  "S" "sp3" }
>>         { "P"   "P" "sp3" }
>>         { "LP"   "" "sp3" }
>>         { "F"   "F" "sp3" }
>>         { "CL"  "Cl" "sp3" }
>>         { "BR"  "Br" "sp3" }
>>         { "I"   "I" "sp3" }
>>         { "FE"  "Fe" "sp3" }
>>         { "EP"   "" "sp3" }
>>         { "OG"  "O" "sp3" }
>>         { "OL"  "O" "sp3" }
>>         { "AC"  "C" "sp3" }
>>         { "EC"  "C" "sp3" }
>> # FB15 atom types
>>         { "6+"  "C" "sp3" }
>>         { "6c"  "C" "sp3" }
>>         { "6d"  "C" "sp3" }
>>         { "6e"  "C" "sp3" }
>>         { "6h"  "C" "sp3" }
>>         { "6i"  "C" "sp3" }
>>         { "6j"  "C" "sp3" }
>>         { "6k"  "C" "sp3" }
>>         { "6q"  "C" "sp3" }
>>         { "6t"  "C" "sp3" }
>>         { "6C"  "C" "sp3" }
>>         { "6D"  "C" "sp3" }
>>         { "6E"  "C" "sp3" }
>>         { "6F"  "C" "sp3" }
>>         { "6H"  "C" "sp3" }
>>         { "6I"  "C" "sp3" }
>>         { "6J"  "C" "sp3" }
>>         { "6K"  "C" "sp3" }
>>         { "6L"  "C" "sp3" }
>>         { "6M"  "C" "sp3" }
>>         { "6N"  "C" "sp3" }
>>         { "6P"  "C" "sp3" }
>>         { "6Q"  "C" "sp3" }
>>         { "6R"  "C" "sp3" }
>>         { "6S"  "C" "sp3" }
>>         { "6T"  "C" "sp3" }
>>         { "6V"  "C" "sp3" }
>>         { "6W"  "C" "sp3" }
>>         { "6Y"  "C" "sp3" }
>> }
>> 
>> #
>> #	Load the main parameter set.
>> #       The TIP3P-FB water model is used.
>> #
>> parm99 = loadamberparams parm99.dat
Loading parameters: /home/leeping/opt/amber/dat/leap/parm/parm99.dat
Reading title:
PARM99 for DNA,RNA,AA, organic molecules, TIP3P wat. Polariz.& LP incl.02/04/99
(UNKNOWN ATOM TYPE: HZ)
(UNKNOWN ATOM TYPE: IM)
(UNKNOWN ATOM TYPE: Li)
(UNKNOWN ATOM TYPE: IP)
(UNKNOWN ATOM TYPE: K)
(UNKNOWN ATOM TYPE: Rb)
(UNKNOWN ATOM TYPE: Cs)
(UNKNOWN ATOM TYPE: Zn)
(UNKNOWN ATOM TYPE: IB)
(UNKNOWN ATOM TYPE: LP)
>> mods = loadamberparams frcmod.fb15
Loading parameters: /home/leeping/opt/amber/dat/leap/parm/frcmod.fb15
Reading force field modification type file (frcmod)
Reading title:
AMBER-FB15 parameter file.  Includes new atom types for amino acid side chains and new valence / torsion parameters.
>> mods2 = loadamberparams frcmod.tip3pfb
Loading parameters: /home/leeping/opt/amber/dat/leap/parm/frcmod.tip3pfb
Reading force field modification type file (frcmod)
Reading title:
TIP3P-FB Water Model (Wang LP, Martinez TJ and Pande VS, J. Phys. Chem. Lett., 2014)
>> #
>> #	Load DNA/RNA libraries
>> #
>> loadOff all_nucleic94.lib
Loading library: /home/leeping/opt/amber/dat/leap/lib/all_nucleic94.lib
Loading: DA
Loading: DA3
Loading: DA5
Loading: DAN
Loading: DC
Loading: DC3
Loading: DC5
Loading: DCN
Loading: DG
Loading: DG3
Loading: DG5
Loading: DGN
Loading: DT
Loading: DT3
Loading: DT5
Loading: DTN
Loading: RA
Loading: RA3
Loading: RA5
Loading: RAN
Loading: RC
Loading: RC3
Loading: RC5
Loading: RCN
Loading: RG
Loading: RG3
Loading: RG5
Loading: RGN
Loading: RU
Loading: RU3
Loading: RU5
Loading: RUN
>> #
>> #	Load main chain and terminating 
>> #	amino acid libraries (modified from ff94)
>> #
>> loadOff all_aminofb15.lib
Loading library: /home/leeping/opt/amber/dat/leap/lib/all_aminofb15.lib
Loading: ALA
Loading: ARG
Loading: ASH
Loading: ASN
Loading: ASP
Loading: CYM
Loading: CYS
Loading: CYX
Loading: GLH
Loading: GLN
Loading: GLU
Loading: GLY
Loading: HID
Loading: HIE
Loading: HIP
Loading: ILE
Loading: LEU
Loading: LYN
Loading: LYS
Loading: MET
Loading: PHE
Loading: PRO
Loading: SER
Loading: THR
Loading: TRP
Loading: TYR
Loading: VAL
>> loadOff all_aminoctfb15.lib
Loading library: /home/leeping/opt/amber/dat/leap/lib/all_aminoctfb15.lib
Loading: CALA
Loading: CARG
Loading: CASN
Loading: CASP
Loading: CCYS
Loading: CCYX
Loading: CGLN
Loading: CGLU
Loading: CGLY
Loading: CHID
Loading: CHIE
Loading: CHIP
Loading: CILE
Loading: CLEU
Loading: CLYS
Loading: CMET
Loading: CPHE
Loading: CPRO
Loading: CSER
Loading: CTHR
Loading: CTRP
Loading: CTYR
Loading: CVAL
Loading: NHE
Loading: NME
>> loadOff all_aminontfb15.lib
Loading library: /home/leeping/opt/amber/dat/leap/lib/all_aminontfb15.lib
Loading: ACE
Loading: NALA
Loading: NARG
Loading: NASN
Loading: NASP
Loading: NCYS
Loading: NCYX
Loading: NGLN
Loading: NGLU
Loading: NGLY
Loading: NHID
Loading: NHIE
Loading: NHIP
Loading: NILE
Loading: NLEU
Loading: NLYS
Loading: NMET
Loading: NPHE
Loading: NPRO
Loading: NSER
Loading: NTHR
Loading: NTRP
Loading: NTYR
Loading: NVAL
>> #
>> #       Load water and ions
>> # 
>> loadOff ions94.lib
Loading library: /home/leeping/opt/amber/dat/leap/lib/ions94.lib
Loading: CIO
Loading: Cl-
Loading: Cs+
Loading: IB
Loading: K+
Loading: Li+
Loading: MG2
Loading: Na+
Loading: Rb+
>> loadOff solvents.lib
Loading library: /home/leeping/opt/amber/dat/leap/lib/solvents.lib
Loading: CHCL3BOX
Loading: DC4
Loading: FB3
Loading: FB3BOX
Loading: FB4
Loading: FB4BOX
Loading: MEOHBOX
Loading: NMABOX
Loading: OPC
Loading: OPCBOX
Loading: PL3
Loading: POL3BOX
Loading: QSPCFWBOX
Loading: SPC
Loading: SPCBOX
Loading: SPCFWBOX
Loading: SPF
Loading: SPG
Loading: T4E
Loading: TIP3PBOX
Loading: TIP3PFBOX
Loading: TIP4PBOX
Loading: TIP4PEWBOX
Loading: TIP5PBOX
Loading: TP3
Loading: TP4
Loading: TP5
Loading: TPF
>> HOH = FB3
>> WAT = FB3
>> 
>> #
>> #	Define the PDB name map for the amino acids and DNA.
>> #
>> addPdbResMap {
>>   { 0 "ALA" "NALA" } { 1 "ALA" "CALA" }
>>   { 0 "ARG" "NARG" } { 1 "ARG" "CARG" }
>>   { 0 "ASN" "NASN" } { 1 "ASN" "CASN" }
>>   { 0 "ASP" "NASP" } { 1 "ASP" "CASP" }
>>   { 0 "CYS" "NCYS" } { 1 "CYS" "CCYS" }
>>   { 0 "CYX" "NCYX" } { 1 "CYX" "CCYX" }
>>   { 0 "GLN" "NGLN" } { 1 "GLN" "CGLN" }
>>   { 0 "GLU" "NGLU" } { 1 "GLU" "CGLU" }
>>   { 0 "GLY" "NGLY" } { 1 "GLY" "CGLY" }
>>   { 0 "HID" "NHID" } { 1 "HID" "CHID" }
>>   { 0 "HIE" "NHIE" } { 1 "HIE" "CHIE" }
>>   { 0 "HIP" "NHIP" } { 1 "HIP" "CHIP" }
>>   { 0 "ILE" "NILE" } { 1 "ILE" "CILE" }
>>   { 0 "LEU" "NLEU" } { 1 "LEU" "CLEU" }
>>   { 0 "LYS" "NLYS" } { 1 "LYS" "CLYS" }
>>   { 0 "MET" "NMET" } { 1 "MET" "CMET" }
>>   { 0 "PHE" "NPHE" } { 1 "PHE" "CPHE" }
>>   { 0 "PRO" "NPRO" } { 1 "PRO" "CPRO" }
>>   { 0 "SER" "NSER" } { 1 "SER" "CSER" }
>>   { 0 "THR" "NTHR" } { 1 "THR" "CTHR" }
>>   { 0 "TRP" "NTRP" } { 1 "TRP" "CTRP" }
>>   { 0 "TYR" "NTYR" } { 1 "TYR" "CTYR" }
>>   { 0 "VAL" "NVAL" } { 1 "VAL" "CVAL" }
>>   { 0 "HIS" "NHIS" } { 1 "HIS" "CHIS" }
>>   { 0 "GUA" "DG5"  } { 1 "GUA" "DG3"  } { "GUA" "DG" }
>>   { 0 "ADE" "DA5"  } { 1 "ADE" "DA3"  } { "ADE" "DA" }
>>   { 0 "CYT" "DC5"  } { 1 "CYT" "DC3"  } { "CYT" "DC" }
>>   { 0 "THY" "DT5"  } { 1 "THY" "DT3"  } { "THY" "DT" }
>>   { 0 "G" "RG5"  } { 1 "G" "RG3"  } { "G" "RG" } { "GN" "RGN" }
>>   { 0 "A" "RA5"  } { 1 "A" "RA3"  } { "A" "RA" } { "AN" "RAN" }
>>   { 0 "C" "RC5"  } { 1 "C" "RC3"  } { "C" "RC" } { "CN" "RCN" }
>>   { 0 "U" "RU5"  } { 1 "U" "RU3"  } { "U" "RU" } { "UN" "RUN" }
>>   { 0 "DG" "DG5"  } { 1 "DG" "DG3"  }  
>>   { 0 "DA" "DA5"  } { 1 "DA" "DA3"  }  
>>   { 0 "DC" "DC5"  } { 1 "DC" "DC3"  }  
>>   { 0 "DT" "DT5"  } { 1 "DT" "DT3"  }
>> 
>> }
>> 
>> addPdbAtomMap {
>>   { "O5*" "O5'" }
>>   { "C5*" "C5'" }
>>   { "C4*" "C4'" }
>>   { "O4*" "O4'" }
>>   { "C3*" "C3'" }
>>   { "O3*" "O3'" }
>>   { "C2*" "C2'" }
>>   { "C1*" "C1'" }
>>   { "C5M" "C7"  }
>>   { "O2*" "O2'" }
>>   { "H1*" "H1'" }
>>   { "H2*1" "H2'1" }
>>   { "H2*2" "H2'2" }
>>   { "H2'"  "H2'1" }
>>   { "H2''" "H2'2" }
>>   { "H3*" "H3'" }
>>   { "H4*" "H4'" }
>>   { "H5*1" "H5'1" }
>>   { "H5*2" "H5'2" }
>>   { "H5'"  "H5'1" }
>>   { "H5''" "H5'2" }
>>   { "HO2'" "HO'2" }
>>   { "HO5'" "H5T" }
>>   { "HO3'" "H3T" }
>>   { "O1'" "O4'" }
>>   { "OA"  "O1P" }
>>   { "OB"  "O2P" }
>>   { "OP1" "O1P" }
>>   { "OP2" "O2P" }
>> }
>> 
>> 
>> #
>> # assumed that most often proteins use HIE
>> #
>> NHIS = NHIE
>> HIS = HIE
>> CHIS = CHIE
>> 
> 
> pdb = loadpdb water.pdb
Loading PDB file: ./water.pdb
Enter zPdbReadScan from call depth  0.
Exit  zPdbReadScan from call depth  0.
Matching PDB residue names to LEaP variables.
(Residue 0: WAT, Terminal/beginning, was not found in name map.)
(Residue 1: WAT, Nonterminal, was not found in name map.)
(Residue 2: WAT, Nonterminal, was not found in name map.)
(Residue 3: WAT, Nonterminal, was not found in name map.)
(Residue 4: WAT, Nonterminal, was not found in name map.)
(Residue 5: WAT, Nonterminal, was not found in name map.)
(Residue 6: WAT, Nonterminal, was not found in name map.)
(Residue 7: WAT, Nonterminal, was not found in name map.)
(Residue 8: WAT, Nonterminal, was not found in name map.)
(Residue 9: WAT, Nonterminal, was not found in name map.)
(Residue 10: WAT, Nonterminal, was not found in name map.)
(Residue 11: WAT, Nonterminal, was not found in name map.)
(Residue 12: WAT, Nonterminal, was not found in name map.)
(Residue 13: WAT, Nonterminal, was not found in name map.)
(Residue 14: WAT, Nonterminal, was not found in name map.)
(Residue 15: WAT, Nonterminal, was not found in name map.)
(Residue 16: WAT, Nonterminal, was not found in name map.)
(Residue 17: WAT, Nonterminal, was not found in name map.)
(Residue 18: WAT, Nonterminal, was not found in name map.)
(Residue 19: WAT, Nonterminal, was not found in name map.)
(Residue 20: WAT, Nonterminal, was not found in name map.)
(Residue 21: WAT, Nonterminal, was not found in name map.)
(Residue 22: WAT, Nonterminal, was not found in name map.)
(Residue 23: WAT, Nonterminal, was not found in name map.)
(Residue 24: WAT, Nonterminal, was not found in name map.)
(Residue 25: WAT, Nonterminal, was not found in name map.)
(Residue 26: WAT, Nonterminal, was not found in name map.)
(Residue 27: WAT, Nonterminal, was not found in name map.)
(Residue 28: WAT, Nonterminal, was not found in name map.)
(Residue 29: WAT, Nonterminal, was not found in name map.)
(Residue 30: WAT, Nonterminal, was not found in name map.)
(Residue 31: WAT, Nonterminal, was not found in name map.)
(Residue 32: WAT, Nonterminal, was not found in name map.)
(Residue 33: WAT, Nonterminal, was not found in name map.)
(Residue 34: WAT, Nonterminal, was not found in name map.)
(Residue 35: WAT, Nonterminal, was not found in name map.)
(Residue 36: WAT, Nonterminal, was not found in name map.)
(Residue 37: WAT, Nonterminal, was not found in name map.)
(Residue 38: WAT, Nonterminal, was not found in name map.)
(Residue 39: WAT, Nonterminal, was not found in name map.)
(Residue 40: WAT, Nonterminal, was not found in name map.)
(Residue 41: WAT, Nonterminal, was not found in name map.)
(Residue 42: WAT, Nonterminal, was not found in name map.)
(Residue 43: WAT, Nonterminal, was not found in name map.)
(Residue 44: WAT, Nonterminal, was not found in name map.)
(Residue 45: WAT, Nonterminal, was not found in name map.)
(Residue 46: WAT, Nonterminal, was not found in name map.)
(Residue 47: WAT, Nonterminal, was not found in name map.)
(Residue 48: WAT, Nonterminal, was not found in name map.)
(Residue 49: WAT, Nonterminal, was not found in name map.)
(Residue 50: WAT, Nonterminal, was not found in name map.)
(Residue 51: WAT, Nonterminal, was not found in name map.)
(Residue 52: WAT, Nonterminal, was not found in name map.)
(Residue 53: WAT, Nonterminal, was not found in name map.)
(Residue 54: WAT, Nonterminal, was not found in name map.)
(Residue 55: WAT, Nonterminal, was not found in name map.)
(Residue 56: WAT, Nonterminal, was not found in name map.)
(Residue 57: WAT, Nonterminal, was not found in name map.)
(Residue 58: WAT, Nonterminal, was not found in name map.)
(Residue 59: WAT, Nonterminal, was not found in name map.)
(Residue 60: WAT, Nonterminal, was not found in name map.)
(Residue 61: WAT, Nonterminal, was not found in name map.)
(Residue 62: WAT, Nonterminal, was not found in name map.)
(Residue 63: WAT, Nonterminal, was not found in name map.)
(Residue 64: WAT, Nonterminal, was not found in name map.)
(Residue 65: WAT, Nonterminal, was not found in name map.)
(Residue 66: WAT, Nonterminal, was not found in name map.)
(Residue 67: WAT, Nonterminal, was not found in name map.)
(Residue 68: WAT, Nonterminal, was not found in name map.)
(Residue 69: WAT, Nonterminal, was not found in name map.)
(Residue 70: WAT, Nonterminal, was not found in name map.)
(Residue 71: WAT, Nonterminal, was not found in name map.)
(Residue 72: WAT, Nonterminal, was not found in name map.)
(Residue 73: WAT, Nonterminal, was not found in name map.)
(Residue 74: WAT, Nonterminal, was not found in name map.)
(Residue 75: WAT, Nonterminal, was not found in name map.)
(Residue 76: WAT, Nonterminal, was not found in name map.)
(Residue 77: WAT, Nonterminal, was not found in name map.)
(Residue 78: WAT, Nonterminal, was not found in name map.)
(Residue 79: WAT, Nonterminal, was not found in name map.)
(Residue 80: WAT, Nonterminal, was not found in name map.)
(Residue 81: WAT, Nonterminal, was not found in name map.)
(Residue 82: WAT, Nonterminal, was not found in name map.)
(Residue 83: WAT, Nonterminal, was not found in name map.)
(Residue 84: WAT, Nonterminal, was not found in name map.)
(Residue 85: WAT, Nonterminal, was not found in name map.)
(Residue 86: WAT, Nonterminal, was not found in name map.)
(Residue 87: WAT, Nonterminal, was not found in name map.)
(Residue 88: WAT, Nonterminal, was not found in name map.)
(Residue 89: WAT, Nonterminal, was not found in name map.)
(Residue 90: WAT, Nonterminal, was not found in name map.)
(Residue 91: WAT, Nonterminal, was not found in name map.)
(Residue 92: WAT, Nonterminal, was not found in name map.)
(Residue 93: WAT, Nonterminal, was not found in name map.)
(Residue 94: WAT, Nonterminal, was not found in name map.)
(Residue 95: WAT, Nonterminal, was not found in name map.)
(Residue 96: WAT, Nonterminal, was not found in name map.)
(Residue 97: WAT, Nonterminal, was not found in name map.)
(Residue 98: WAT, Nonterminal, was not found in name map.)
(Residue 99: WAT, Nonterminal, was not found in name map.)
(Residue 100: WAT, Nonterminal, was not found in name map.)
(Residue 101: WAT, Nonterminal, was not found in name map.)
(Residue 102: WAT, Nonterminal, was not found in name map.)
(Residue 103: WAT, Nonterminal, was not found in name map.)
(Residue 104: WAT, Nonterminal, was not found in name map.)
(Residue 105: WAT, Nonterminal, was not found in name map.)
(Residue 106: WAT, Nonterminal, was not found in name map.)
(Residue 107: WAT, Nonterminal, was not found in name map.)
(Residue 108: WAT, Nonterminal, was not found in name map.)
(Residue 109: WAT, Nonterminal, was not found in name map.)
(Residue 110: WAT, Nonterminal, was not found in name map.)
(Residue 111: WAT, Nonterminal, was not found in name map.)
(Residue 112: WAT, Nonterminal, was not found in name map.)
(Residue 113: WAT, Nonterminal, was not found in name map.)
(Residue 114: WAT, Nonterminal, was not found in name map.)
(Residue 115: WAT, Nonterminal, was not found in name map.)
(Residue 116: WAT, Nonterminal, was not found in name map.)
(Residue 117: WAT, Nonterminal, was not found in name map.)
(Residue 118: WAT, Nonterminal, was not found in name map.)
(Residue 119: WAT, Nonterminal, was not found in name map.)
(Residue 120: WAT, Nonterminal, was not found in name map.)
(Residue 121: WAT, Nonterminal, was not found in name map.)
(Residue 122: WAT, Nonterminal, was not found in name map.)
(Residue 123: WAT, Nonterminal, was not found in name map.)
(Residue 124: WAT, Nonterminal, was not found in name map.)
(Residue 125: WAT, Nonterminal, was not found in name map.)
(Residue 126: WAT, Nonterminal, was not found in name map.)
(Residue 127: WAT, Nonterminal, was not found in name map.)
(Residue 128: WAT, Nonterminal, was not found in name map.)
(Residue 129: WAT, Nonterminal, was not found in name map.)
(Residue 130: WAT, Nonterminal, was not found in name map.)
(Residue 131: WAT, Nonterminal, was not found in name map.)
(Residue 132: WAT, Nonterminal, was not found in name map.)
(Residue 133: WAT, Nonterminal, was not found in name map.)
(Residue 134: WAT, Nonterminal, was not found in name map.)
(Residue 135: WAT, Nonterminal, was not found in name map.)
(Residue 136: WAT, Nonterminal, was not found in name map.)
(Residue 137: WAT, Nonterminal, was not found in name map.)
(Residue 138: WAT, Nonterminal, was not found in name map.)
(Residue 139: WAT, Nonterminal, was not found in name map.)
(Residue 140: WAT, Nonterminal, was not found in name map.)
(Residue 141: WAT, Nonterminal, was not found in name map.)
(Residue 142: WAT, Nonterminal, was not found in name map.)
(Residue 143: WAT, Nonterminal, was not found in name map.)
(Residue 144: WAT, Nonterminal, was not found in name map.)
(Residue 145: WAT, Nonterminal, was not found in name map.)
(Residue 146: WAT, Nonterminal, was not found in name map.)
(Residue 147: WAT, Nonterminal, was not found in name map.)
(Residue 148: WAT, Nonterminal, was not found in name map.)
(Residue 149: WAT, Nonterminal, was not found in name map.)
(Residue 150: WAT, Nonterminal, was not found in name map.)
(Residue 151: WAT, Nonterminal, was not found in name map.)
(Residue 152: WAT, Nonterminal, was not found in name map.)
(Residue 153: WAT, Nonterminal, was not found in name map.)
(Residue 154: WAT, Nonterminal, was not found in name map.)
(Residue 155: WAT, Nonterminal, was not found in name map.)
(Residue 156: WAT, Nonterminal, was not found in name map.)
(Residue 157: WAT, Nonterminal, was not found in name map.)
(Residue 158: WAT, Nonterminal, was not found in name map.)
(Residue 159: WAT, Nonterminal, was not found in name map.)
(Residue 160: WAT, Nonterminal, was not found in name map.)
(Residue 161: WAT, Nonterminal, was not found in name map.)
(Residue 162: WAT, Nonterminal, was not found in name map.)
(Residue 163: WAT, Nonterminal, was not found in name map.)
(Residue 164: WAT, Nonterminal, was not found in name map.)
(Residue 165: WAT, Nonterminal, was not found in name map.)
(Residue 166: WAT, Nonterminal, was not found in name map.)
(Residue 167: WAT, Nonterminal, was not found in name map.)
(Residue 168: WAT, Nonterminal, was not found in name map.)
(Residue 169: WAT, Nonterminal, was not found in name map.)
(Residue 170: WAT, Nonterminal, was not found in name map.)
(Residue 171: WAT, Nonterminal, was not found in name map.)
(Residue 172: WAT, Nonterminal, was not found in name map.)
(Residue 173: WAT, Nonterminal, was not found in name map.)
(Residue 174: WAT, Nonterminal, was not found in name map.)
(Residue 175: WAT, Nonterminal, was not found in name map.)
(Residue 176: WAT, Nonterminal, was not found in name map.)
(Residue 177: WAT, Nonterminal, was not found in name map.)
(Residue 178: WAT, Nonterminal, was not found in name map.)
(Residue 179: WAT, Nonterminal, was not found in name map.)
(Residue 180: WAT, Nonterminal, was not found in name map.)
(Residue 181: WAT, Nonterminal, was not found in name map.)
(Residue 182: WAT, Nonterminal, was not found in name map.)
(Residue 183: WAT, Nonterminal, was not found in name map.)
(Residue 184: WAT, Nonterminal, was not found in name map.)
(Residue 185: WAT, Nonterminal, was not found in name map.)
(Residue 186: WAT, Nonterminal, was not found in name map.)
(Residue 187: WAT, Nonterminal, was not found in name map.)
(Residue 188: WAT, Nonterminal, was not found in name map.)
(Residue 189: WAT, Nonterminal, was not found in name map.)
(Residue 190: WAT, Nonterminal, was not found in name map.)
(Residue 191: WAT, Nonterminal, was not found in name map.)
(Residue 192: WAT, Nonterminal, was not found in name map.)
(Residue 193: WAT, Nonterminal, was not found in name map.)
(Residue 194: WAT, Nonterminal, was not found in name map.)
(Residue 195: WAT, Nonterminal, was not found in name map.)
(Residue 196: WAT, Nonterminal, was not found in name map.)
(Residue 197: WAT, Nonterminal, was not found in name map.)
(Residue 198: WAT, Nonterminal, was not found in name map.)
(Residue 199: WAT, Nonterminal, was not found in name map.)
(Residue 200: WAT, Nonterminal, was not found in name map.)
(Residue 201: WAT, Nonterminal, was not found in name map.)
(Residue 202: WAT, Nonterminal, was not found in name map.)
(Residue 203: WAT, Nonterminal, was not found in name map.)
(Residue 204: WAT, Nonterminal, was not found in name map.)
(Residue 205: WAT, Nonterminal, was not found in name map.)
(Residue 206: WAT, Nonterminal, was not found in name map.)
(Residue 207: WAT, Nonterminal, was not found in name map.)
(Residue 208: WAT, Nonterminal, was not found in name map.)
(Residue 209: WAT, Nonterminal, was not found in name map.)
(Residue 210: WAT, Nonterminal, was not found in name map.)
(Residue 211: WAT, Nonterminal, was not found in name map.)
(Residue 212: WAT, Nonterminal, was not found in name map.)
(Residue 213: WAT, Nonterminal, was not found in name map.)
(Residue 214: WAT, Nonterminal, was not found in name map.)
(Residue 215: WAT, Terminal/last, was not found in name map.)
Starting new chain with FB3
Starting new chain with FB3
Starting new chain with FB3
Starting new chain with FB3
Starting new chain with FB3
Starting new chain with FB3
Starting new chain with FB3
Starting new chain with FB3
Starting new chain with FB3
Starting new chain with FB3
Starting new chain with FB3
Starting new chain with FB3
Starting new chain with FB3
Starting new chain with FB3
Starting new chain with FB3
Starting new chain with FB3
Starting new chain with FB3
Starting new chain with FB3
Starting new chain with FB3
Starting new chain with FB3
Starting new chain with FB3
Starting new chain with FB3
Starting new chain with FB3
Starting new chain with FB3
Starting new chain with FB3
Starting new chain with FB3
Starting new chain with FB3
Starting new chain with FB3
Starting new chain with FB3
Starting new chain with FB3
Starting new chain with FB3
Starting new chain with FB3
Starting new chain with FB3
Starting new chain with FB3
Starting new chain with FB3
Starting new chain with FB3
Starting new chain with FB3
Starting new chain with FB3
Starting new chain with FB3
Starting new chain with FB3
Starting new chain with FB3
Starting new chain with FB3
Starting new chain with FB3
Starting new chain with FB3
Starting new chain with FB3
Starting new chain with FB3
Starting new chain with FB3
Starting new chain with FB3
Starting new chain with FB3
Starting new chain with FB3
Starting new chain with FB3
Starting new chain with FB3
Starting new chain with FB3
Starting new chain with FB3
Starting new chain with FB3
Starting new chain with FB3
Starting new chain with FB3
Starting new chain with FB3
Starting new chain with FB3
Starting new chain with FB3
Starting new chain with FB3
Starting new chain with FB3
Starting new chain with FB3
Starting new chain with FB3
Starting new chain with FB3
Starting new chain with FB3
Starting new chain with FB3
Starting new chain with FB3
Starting new chain with FB3
Starting new chain with FB3
Starting new chain with FB3
Starting new chain with FB3
Starting new chain with FB3
Starting new chain with FB3
Starting new chain with FB3
Starting new chain with FB3
Starting new chain with FB3
Starting new chain with FB3
Starting new chain with FB3
Starting new chain with FB3
Starting new chain with FB3
Starting new chain with FB3
Starting new chain with FB3
Starting new chain with FB3
Starting new chain with FB3
Starting new chain with FB3
Starting new chain with FB3
Starting new chain with FB3
Starting new chain with FB3
Starting new chain with FB3
Starting new chain with FB3
Starting new chain with FB3
Starting new chain with FB3
Starting new chain with FB3
Starting new chain with FB3
Starting new chain with FB3
Starting new chain with FB3
Starting new chain with FB3
Starting new chain with FB3
Starting new chain with FB3
Starting new chain with FB3
Starting new chain with FB3
Starting new chain with FB3
Starting new chain with FB3
Starting new chain with FB3
Starting new chain with FB3
Starting new chain with FB3
Starting new chain with FB3
Starting new chain with FB3
Starting new chain with FB3
Starting new chain with FB3
Starting new chain with FB3
Starting new chain with FB3
Starting new chain with FB3
Starting new chain with FB3
Starting new chain with FB3
Starting new chain with FB3
Starting new chain with FB3
Starting new chain with FB3
Starting new chain with FB3
Starting new chain with FB3
Starting new chain with FB3
Starting new chain with FB3
Starting new chain with FB3
Starting new chain with FB3
Starting new chain with FB3
Starting new chain with FB3
Starting new chain with FB3
Starting new chain with FB3
Starting new chain with FB3
Starting new chain with FB3
Starting new chain with FB3
Starting new chain with FB3
Starting new chain with FB3
Starting new chain with FB3
Starting new chain with FB3
Starting new chain with FB3
Starting new chain with FB3
Starting new chain with FB3
Starting new chain with FB3
Starting new chain with FB3
Starting new chain with FB3
Starting new chain with FB3
Starting new chain with FB3
Starting new chain with FB3
Starting new chain with FB3
Starting new chain with FB3
Starting new chain with FB3
Starting new chain with FB3
Starting new chain with FB3
Starting new chain with FB3
Starting new chain with FB3
Starting new chain with FB3
Starting new chain with FB3
Starting new chain with FB3
Starting new chain with FB3
Starting new chain with FB3
Starting new chain with FB3
Starting new chain with FB3
Starting new chain with FB3
Starting new chain with FB3
Starting new chain with FB3
Starting new chain with FB3
Starting new chain with FB3
Starting new chain with FB3
Starting new chain with FB3
Starting new chain with FB3
Starting new chain with FB3
Starting new chain with FB3
Starting new chain with FB3
Starting new chain with FB3
Starting new chain with FB3
Starting new chain with FB3
Starting new chain with FB3
Starting new chain with FB3
Starting new chain with FB3
Starting new chain with FB3
Starting new chain with FB3
Starting new chain with FB3
Starting new chain with FB3
Starting new chain with FB3
Starting new chain with FB3
Starting new chain with FB3
Starting new chain with FB3
Starting new chain with FB3
Starting new chain with FB3
Starting new chain with FB3
Starting new chain with FB3
Starting new chain with FB3
Starting new chain with FB3
Starting new chain with FB3
Starting new chain with FB3
Starting new chain with FB3
Starting new chain with FB3
Starting new chain with FB3
Starting new chain with FB3
Starting new chain with FB3
Starting new chain with FB3
Starting new chain with FB3
Starting new chain with FB3
Starting new chain with FB3
Starting new chain with FB3
Starting new chain with FB3
Starting new chain with FB3
Starting new chain with FB3
Starting new chain with FB3
Starting new chain with FB3
Starting new chain with FB3
Starting new chain with FB3
Starting new chain with FB3
Starting new chain with FB3
Starting new chain with FB3
Starting new chain with FB3
Starting new chain with FB3
Starting new chain with FB3
  total atoms in file: 648
> savepdb pdb water-amb.pdb
Writing pdb file: water-amb.pdb
> saveamberparm pdb prmtop inpcrd
Checking Unit.
Building topology.
Building atom parameters.
Building bond parameters.
Building angle parameters.
Building proper torsion parameters.
Building improper torsion parameters.
 total 0 improper torsions applied
Building H-Bond parameters.
Incorporating Non-Bonded adjustments.
Not Marking per-residue atom chain types.
Marking per-residue atom chain types.
  (Residues lacking connect0/connect1 - 
   these don't have chain types marked:

	res	total affected

	WAT	216
  )
 (no restraints)
> quit
	Quit
