Log file opened on Sat Aug  8 14:56:05 2015
Host: not0rious  pid: 5188  nodeid: 0  nnodes:  1
Gromacs version:    VERSION 4.6.3
Precision:          double
Memory model:       64 bit
MPI library:        thread_mpi
OpenMP support:     enabled
GPU support:        disabled
invsqrt routine:    gmx_software_invsqrt(x)
CPU acceleration:   AVX_256
FFT library:        fftw-3.3-sse2
Large file support: enabled
RDTSCP usage:       enabled
Built on:           Tue Aug 27 11:16:06 PDT 2013
Built by:           leeping@not0rious [CMAKE]
Build OS/arch:      Linux 3.2.0-33-generic x86_64
Build CPU vendor:   GenuineIntel
Build CPU brand:    Intel(R) Core(TM) i7-3820 CPU @ 3.60GHz
Build CPU family:   6   Model: 45   Stepping: 7
Build CPU features: aes apic avx clfsh cmov cx8 cx16 htt lahf_lm mmx msr nonstop_tsc pcid pclmuldq pdcm pdpe1gb popcnt pse rdtscp sse2 sse3 sse4.1 sse4.2 ssse3 tdt x2apic
C compiler:         /usr/bin/cc GNU cc (Ubuntu/Linaro 4.6.3-1ubuntu5) 4.6.3
C compiler flags:   -mavx    -Wextra -Wno-missing-field-initializers -Wno-sign-compare -Wall -Wno-unused -Wunused-value   -fomit-frame-pointer -funroll-all-loops -fexcess-precision=fast  -O3 -DNDEBUG


                         :-)  G  R  O  M  A  C  S  (-:

                     Gnomes, ROck Monsters And Chili Sauce

                            :-)  VERSION 4.6.3  (-:

        Contributions from Mark Abraham, Emile Apol, Rossen Apostolov, 
           Herman J.C. Berendsen, Aldert van Buuren, Pär Bjelkmar,  
     Rudi van Drunen, Anton Feenstra, Gerrit Groenhof, Christoph Junghans, 
        Peter Kasson, Carsten Kutzner, Per Larsson, Pieter Meulenhoff, 
           Teemu Murtola, Szilard Pall, Sander Pronk, Roland Schulz, 
                Michael Shirts, Alfons Sijbers, Peter Tieleman,

               Berk Hess, David van der Spoel, and Erik Lindahl.

       Copyright (c) 1991-2000, University of Groningen, The Netherlands.
         Copyright (c) 2001-2012,2013, The GROMACS development team at
        Uppsala University & The Royal Institute of Technology, Sweden.
            check out http://www.gromacs.org for more information.

         This program is free software; you can redistribute it and/or
       modify it under the terms of the GNU Lesser General Public License
        as published by the Free Software Foundation; either version 2.1
             of the License, or (at your option) any later version.

                      :-)  mdrun_d (double precision)  (-:


++++ PLEASE READ AND CITE THE FOLLOWING REFERENCE ++++
B. Hess and C. Kutzner and D. van der Spoel and E. Lindahl
GROMACS 4: Algorithms for highly efficient, load-balanced, and scalable
molecular simulation
J. Chem. Theory Comput. 4 (2008) pp. 435-447
-------- -------- --- Thank You --- -------- --------


++++ PLEASE READ AND CITE THE FOLLOWING REFERENCE ++++
D. van der Spoel, E. Lindahl, B. Hess, G. Groenhof, A. E. Mark and H. J. C.
Berendsen
GROMACS: Fast, Flexible and Free
J. Comp. Chem. 26 (2005) pp. 1701-1719
-------- -------- --- Thank You --- -------- --------


++++ PLEASE READ AND CITE THE FOLLOWING REFERENCE ++++
E. Lindahl and B. Hess and D. van der Spoel
GROMACS 3.0: A package for molecular simulation and trajectory analysis
J. Mol. Mod. 7 (2001) pp. 306-317
-------- -------- --- Thank You --- -------- --------


++++ PLEASE READ AND CITE THE FOLLOWING REFERENCE ++++
H. J. C. Berendsen, D. van der Spoel and R. van Drunen
GROMACS: A message-passing parallel molecular dynamics implementation
Comp. Phys. Comm. 91 (1995) pp. 43-56
-------- -------- --- Thank You --- -------- --------

Input Parameters:
   integrator           = md
   nsteps               = 500
   init-step            = 0
   cutoff-scheme        = Group
   ns_type              = Simple
   nstlist              = 1
   ndelta               = 2
   nstcomm              = 100
   comm-mode            = Linear
   nstlog               = 0
   nstxout              = 500
   nstvout              = 0
   nstfout              = 0
   nstcalcenergy        = 100
   nstenergy            = 0
   nstxtcout            = 0
   init-t               = 0
   delta-t              = 0.002
   xtcprec              = 1000
   fourierspacing       = 0.12
   nkx                  = 0
   nky                  = 0
   nkz                  = 0
   pme-order            = 4
   ewald-rtol           = 1e-05
   ewald-geometry       = 0
   epsilon-surface      = 0
   optimize-fft         = FALSE
   ePBC                 = no
   bPeriodicMols        = FALSE
   bContinuation        = FALSE
   bShakeSOR            = FALSE
   etc                  = Nose-Hoover
   bPrintNHChains       = FALSE
   nsttcouple           = 1
   epc                  = No
   epctype              = Isotropic
   nstpcouple           = -1
   tau-p                = 1
   ref-p (3x3):
      ref-p[    0]={ 0.00000e+00,  0.00000e+00,  0.00000e+00}
      ref-p[    1]={ 0.00000e+00,  0.00000e+00,  0.00000e+00}
      ref-p[    2]={ 0.00000e+00,  0.00000e+00,  0.00000e+00}
   compress (3x3):
      compress[    0]={ 0.00000e+00,  0.00000e+00,  0.00000e+00}
      compress[    1]={ 0.00000e+00,  0.00000e+00,  0.00000e+00}
      compress[    2]={ 0.00000e+00,  0.00000e+00,  0.00000e+00}
   refcoord-scaling     = No
   posres-com (3):
      posres-com[0]= 0.00000e+00
      posres-com[1]= 0.00000e+00
      posres-com[2]= 0.00000e+00
   posres-comB (3):
      posres-comB[0]= 0.00000e+00
      posres-comB[1]= 0.00000e+00
      posres-comB[2]= 0.00000e+00
   verlet-buffer-drift  = 0.005
   rlist                = 0
   rlistlong            = 0
   nstcalclr            = 0
   rtpi                 = 0.05
   coulombtype          = Cut-off
   coulomb-modifier     = None
   rcoulomb-switch      = 0
   rcoulomb             = 0
   vdwtype              = Cut-off
   vdw-modifier         = None
   rvdw-switch          = 0
   rvdw                 = 0
   epsilon-r            = 1
   epsilon-rf           = inf
   tabext               = 1
   implicit-solvent     = No
   gb-algorithm         = Still
   gb-epsilon-solvent   = 80
   nstgbradii           = 1
   rgbradii             = 1
   gb-saltconc          = 0
   gb-obc-alpha         = 1
   gb-obc-beta          = 0.8
   gb-obc-gamma         = 4.85
   gb-dielectric-offset = 0.009
   sa-algorithm         = Ace-approximation
   sa-surface-tension   = 2.05016
   DispCorr             = No
   bSimTemp             = FALSE
   free-energy          = no
   nwall                = 0
   wall-type            = 9-3
   wall-atomtype[0]     = -1
   wall-atomtype[1]     = -1
   wall-density[0]      = 0
   wall-density[1]      = 0
   wall-ewald-zfac      = 3
   pull                 = no
   rotation             = FALSE
   disre                = No
   disre-weighting      = Conservative
   disre-mixed          = FALSE
   dr-fc                = 1000
   dr-tau               = 0
   nstdisreout          = 100
   orires-fc            = 0
   orires-tau           = 0
   nstorireout          = 100
   dihre-fc             = 0
   em-stepsize          = 0.01
   em-tol               = 10
   niter                = 20
   fc-stepsize          = 0
   nstcgsteep           = 1000
   nbfgscorr            = 10
   ConstAlg             = Lincs
   shake-tol            = 0.0001
   lincs-order          = 4
   lincs-warnangle      = 30
   lincs-iter           = 1
   bd-fric              = 0
   ld-seed              = 1993
   cos-accel            = 0
   deform (3x3):
      deform[    0]={ 0.00000e+00,  0.00000e+00,  0.00000e+00}
      deform[    1]={ 0.00000e+00,  0.00000e+00,  0.00000e+00}
      deform[    2]={ 0.00000e+00,  0.00000e+00,  0.00000e+00}
   adress               = FALSE
   userint1             = 0
   userint2             = 0
   userint3             = 0
   userint4             = 0
   userreal1            = 0
   userreal2            = 0
   userreal3            = 0
   userreal4            = 0
grpopts:
   nrdf:          85
   ref-t:         298
   tau-t:           1
anneal:          No
ann-npoints:           0
   acc:	           0           0           0
   nfreeze:           N           N           N
   energygrp-flags[  0]: 0
   efield-x:
      n = 0
   efield-xt:
      n = 0
   efield-y:
      n = 0
   efield-yt:
      n = 0
   efield-z:
      n = 0
   efield-zt:
      n = 0
   bQMMM                = FALSE
   QMconstraints        = 0
   QMMMscheme           = 0
   scalefactor          = 1
qm-opts:
   ngQM                 = 0
Using 1 MPI thread

Detecting CPU-specific acceleration.
Present hardware specification:
Vendor: GenuineIntel
Brand:  Intel(R) Core(TM) i7-3820 CPU @ 3.60GHz
Family:  6  Model: 45  Stepping:  7
Features: aes apic avx clfsh cmov cx8 cx16 htt lahf_lm mmx msr nonstop_tsc pcid pclmuldq pdcm pdpe1gb popcnt pse rdtscp sse2 sse3 sse4.1 sse4.2 ssse3 tdt x2apic
Acceleration most likely to fit this hardware: AVX_256
Acceleration selected at GROMACS compile time: AVX_256

Table routines are used for coulomb: FALSE
Table routines are used for vdw:     FALSE
Cut-off's:   NS: 1e+18   Coulomb: 1e+18   LJ: 1e+18
System total charge: 1.000
Generated table with 2000 data points for 1-4 COUL.
Tabscale = 2000 points/nm
Generated table with 2000 data points for 1-4 LJ6.
Tabscale = 2000 points/nm
Generated table with 2000 data points for 1-4 LJ12.
Tabscale = 2000 points/nm
Found environment variable GMX_NO_SOLV_OPT.
Disabling all solvent optimization
Potential shift: LJ r^-12: 0.000 r^-6 0.000, Coulomb 0.000

Initializing LINear Constraint Solver

++++ PLEASE READ AND CITE THE FOLLOWING REFERENCE ++++
B. Hess and H. Bekker and H. J. C. Berendsen and J. G. E. M. Fraaije
LINCS: A Linear Constraint Solver for molecular simulations
J. Comp. Chem. 18 (1997) pp. 1463-1472
-------- -------- --- Thank You --- -------- --------

The number of constraints is 20
Center of mass motion removal mode is Linear
We have the following groups for center of mass motion removal:
  0:  System
There are: 36 Atoms

Constraining the starting coordinates (step 0)

Constraining the coordinates at t0-dt (step 0)
RMS relative constraint deviation after constraining: 2.13e-06
Initial temperature: 306.072 K

Started mdrun on node 0 Sat Aug  8 14:56:05 2015

           Step           Time         Lambda
              0        0.00000        0.00000


   Energies (kJ/mol)
           Bond          Angle    Proper Dih.  Improper Dih.          LJ-14
    1.12493e+01    1.06979e+01    6.24152e+00    1.36524e-02    3.20620e+01
     Coulomb-14        LJ (SR)   Coulomb (SR)      Potential    Kinetic En.
   -9.09598e+02    4.50679e+02    2.69008e+02   -1.29646e+02    8.54109e+02
   Total Energy  Conserved En.    Temperature Pressure (bar)   Constr. rmsd
    7.24463e+02    7.24463e+02    2.41706e+03    0.00000e+00    0.00000e+00

           Step           Time         Lambda
            500        1.00000        0.00000

Writing checkpoint, step 500 at Sat Aug  8 14:56:05 2015


   Energies (kJ/mol)
           Bond          Angle    Proper Dih.  Improper Dih.          LJ-14
    8.36915e+00    9.70638e+00    1.60788e+01    8.56746e-02    2.03039e+01
     Coulomb-14        LJ (SR)   Coulomb (SR)      Potential    Kinetic En.
   -9.12612e+02   -1.29075e+01    2.50599e+02   -6.20377e+02    3.11725e+00
   Total Energy  Conserved En.    Temperature Pressure (bar)   Constr. rmsd
   -6.17260e+02    1.58884e+03    8.82158e+00    0.00000e+00    4.17900e-10

	<======  ###############  ==>
	<====  A V E R A G E S  ====>
	<==  ###############  ======>

	Statistics over 501 steps using 6 frames

   Energies (kJ/mol)
           Bond          Angle    Proper Dih.  Improper Dih.          LJ-14
    9.84396e+00    1.19762e+01    1.37544e+01    1.89848e-01    2.29005e+01
     Coulomb-14        LJ (SR)   Coulomb (SR)      Potential    Kinetic En.
   -9.10205e+02    6.45490e+01    2.53904e+02   -5.33087e+02    1.47788e+02
   Total Energy  Conserved En.    Temperature Pressure (bar)   Constr. rmsd
   -3.85299e+02    1.44471e+03    4.18229e+02    0.00000e+00    0.00000e+00

   Total Virial (kJ/mol)
   -1.68152e+02    1.11764e+02    1.81853e+02
    1.11764e+02   -1.55906e+02   -1.53559e+02
    1.81853e+02   -1.53559e+02   -2.12021e+02

   Pressure (bar)
    0.00000e+00    0.00000e+00    0.00000e+00
    0.00000e+00    0.00000e+00    0.00000e+00
    0.00000e+00    0.00000e+00    0.00000e+00


	M E G A - F L O P S   A C C O U N T I N G

 NB=Group-cutoff nonbonded kernels    NxN=N-by-N cluster Verlet kernels
 RF=Reaction-Field  VdW=Van der Waals  QSTab=quadratic-spline table
 W3=SPC/TIP3p  W4=TIP4p (single or pairs)
 V&F=Potential and force  V=Potential only  F=Force only

 Computing:                               M-Number         M-Flops  % Flops
-----------------------------------------------------------------------------
 NB VdW & Elec. [V&F]                     0.120816           0.121     0.3
 NB VdW & Elec. [F]                       8.422920           8.423    22.2
 1,4 nonbonded interactions               0.038577           3.472     9.1
 NS-Pairs                                 0.333666           7.007    18.5
 CG-CoM                                   0.018036           0.054     0.1
 Bonds                                    0.007515           0.443     1.2
 Angles                                   0.030060           5.050    13.3
 Propers                                  0.048096          11.014    29.0
 Impropers                                0.004008           0.834     2.2
 Virial                                   0.000486           0.009     0.0
 Stop-CM                                  0.000252           0.003     0.0
 Calc-Ekin                                0.018072           0.488     1.3
 Lincs                                    0.010060           0.604     1.6
 Lincs-Mat                                0.066396           0.266     0.7
 Constraint-V                             0.020080           0.161     0.4
 Constraint-Vir                           0.000120           0.003     0.0
-----------------------------------------------------------------------------
 Total                                                      37.950   100.0
-----------------------------------------------------------------------------


     R E A L   C Y C L E   A N D   T I M E   A C C O U N T I N G

 Computing:         Nodes   Th.     Count  Wall t (s)     G-Cycles       %
-----------------------------------------------------------------------------
 Neighbor search        1    1        501       0.006        0.023     4.6
 Force                  1    1        501       0.010        0.034     6.8
 Write traj.            1    1          2       0.119        0.429    85.1
 Update                 1    1        501       0.001        0.003     0.5
 Constraints            1    1        501       0.002        0.006     1.2
 Rest                   1                       0.002        0.009     1.7
-----------------------------------------------------------------------------
 Total                  1                       0.140        0.503   100.0
-----------------------------------------------------------------------------

               Core t (s)   Wall t (s)        (%)
       Time:        0.020        0.140       14.3
                 (ns/day)    (hour/ns)
Performance:      619.098        0.039
Finished mdrun on node 0 Sat Aug  8 14:56:05 2015
